-------------------------------------------------------------------------------
Test set: com.phenikaa.thesis.batch.controller.ThesisBatchControllerIntegrationTest
-------------------------------------------------------------------------------
Tests run: 11, Failures: 2, Errors: 0, Skipped: 0, Time elapsed: 5.292 s <<< FAILURE! -- in com.phenikaa.thesis.batch.controller.ThesisBatchControllerIntegrationTest
com.phenikaa.thesis.batch.controller.ThesisBatchControllerIntegrationTest.getById_returns200 -- Time elapsed: 0.021 s <<< FAILURE!
java.lang.AssertionError: Status expected:<201> but was:<500>
	at org.springframework.test.util.AssertionErrors.fail(AssertionErrors.java:61)
	at org.springframework.test.util.AssertionErrors.assertEquals(AssertionErrors.java:128)
	at org.springframework.test.web.servlet.result.StatusResultMatchers.lambda$matcher$9(StatusResultMatchers.java:640)
	at org.springframework.test.web.servlet.MockMvc$1.andExpect(MockMvc.java:214)
	at com.phenikaa.thesis.batch.controller.ThesisBatchControllerIntegrationTest.createBatchAndGetId(ThesisBatchControllerIntegrationTest.java:236)
	at com.phenikaa.thesis.batch.controller.ThesisBatchControllerIntegrationTest.getById_returns200(ThesisBatchControllerIntegrationTest.java:145)
	at java.base/java.lang.reflect.Method.invoke(Method.java:580)
	at java.base/java.util.ArrayList.forEach(ArrayList.java:1596)
	at java.base/java.util.ArrayList.forEach(ArrayList.java:1596)

com.phenikaa.thesis.batch.controller.ThesisBatchControllerIntegrationTest.create_forbidden -- Time elapsed: 0.009 s <<< FAILURE!
java.lang.AssertionError: Status expected:<403> but was:<500>
	at org.springframework.test.util.AssertionErrors.fail(AssertionErrors.java:61)
	at org.springframework.test.util.AssertionErrors.assertEquals(AssertionErrors.java:128)
	at org.springframework.test.web.servlet.result.StatusResultMatchers.lambda$matcher$9(StatusResultMatchers.java:640)
	at org.springframework.test.web.servlet.MockMvc$1.andExpect(MockMvc.java:214)
	at com.phenikaa.thesis.batch.controller.ThesisBatchControllerIntegrationTest.create_forbidden(ThesisBatchControllerIntegrationTest.java:118)
	at java.base/java.lang.reflect.Method.invoke(Method.java:580)
	at java.base/java.util.ArrayList.forEach(ArrayList.java:1596)
	at java.base/java.util.ArrayList.forEach(ArrayList.java:1596)

